c:\users\plasm\desktop\기말_다렉_프로젝트\기말_다렉_프로젝트\debug\vc141.pdb
c:\users\plasm\desktop\기말_다렉_프로젝트\기말_다렉_프로젝트\debug\vc141.idb
c:\users\plasm\desktop\기말_다렉_프로젝트\기말_다렉_프로젝트\debug\matrices49860489.obj
c:\users\plasm\desktop\기말_다렉_프로젝트\기말_다렉_프로젝트\debug\matrices49860489.ilk
c:\users\plasm\desktop\기말_다렉_프로젝트\기말_다렉_프로젝트\debug\matrices49860489.exe
c:\users\plasm\desktop\기말_다렉_프로젝트\기말_다렉_프로젝트\debug\matrices49860489.pdb
c:\users\plasm\desktop\기말_다렉_프로젝트\기말_다렉_프로젝트\debug\matrices49860489.res
c:\users\plasm\desktop\기말_다렉_프로젝트\기말_다렉_프로젝트\debug\vc120.idb
c:\users\plasm\desktop\기말_다렉_프로젝트\기말_다렉_프로젝트\debug\vc140.idb
c:\users\plasm\desktop\기말_다렉_프로젝트\기말_다렉_프로젝트\debug\vc120.pdb
c:\users\plasm\desktop\기말_다렉_프로젝트\기말_다렉_프로젝트\debug\vc140.pdb
c:\users\plasm\desktop\기말_다렉_프로젝트\기말_다렉_프로젝트\debug\matrices49860489.tlog\cl.command.1.tlog
c:\users\plasm\desktop\기말_다렉_프로젝트\기말_다렉_프로젝트\debug\matrices49860489.tlog\cl.read.1.tlog
c:\users\plasm\desktop\기말_다렉_프로젝트\기말_다렉_프로젝트\debug\matrices49860489.tlog\cl.write.1.tlog
c:\users\plasm\desktop\기말_다렉_프로젝트\기말_다렉_프로젝트\debug\matrices49860489.tlog\link.command.1.tlog
c:\users\plasm\desktop\기말_다렉_프로젝트\기말_다렉_프로젝트\debug\matrices49860489.tlog\link.read.1.tlog
c:\users\plasm\desktop\기말_다렉_프로젝트\기말_다렉_프로젝트\debug\matrices49860489.tlog\link.write.1.tlog
c:\users\plasm\desktop\기말_다렉_프로젝트\기말_다렉_프로젝트\debug\matrices49860489.tlog\rc.command.1.tlog
c:\users\plasm\desktop\기말_다렉_프로젝트\기말_다렉_프로젝트\debug\matrices49860489.tlog\rc.read.1.tlog
c:\users\plasm\desktop\기말_다렉_프로젝트\기말_다렉_프로젝트\debug\matrices49860489.tlog\rc.write.1.tlog
